<?xml version="1.0" encoding="UTF-8"?>
<!-- Generated by org.testng.reporters.JUnitReportReporter -->
<testsuite hostname="LAPTOP-RGS5OD79" failures="0" tests="5" name="com.stackroute.SpicejetTest.SpicejetTest" time="31.523" errors="0" timestamp="2021-11-29T09:34:56 IST" skipped="0">
  <testcase classname="com.stackroute.SpicejetTest.SpicejetTest" name="homepageTest" time="7.479"/>
  <system-out/>
  <testcase classname="com.stackroute.SpicejetTest.SpicejetTest" name="PricechooseTest" time="8.199"/>
  <system-out/>
  <testcase classname="com.stackroute.SpicejetTest.SpicejetTest" name="DataInsertionTest" time="6.781"/>
  <system-out/>
  <testcase classname="com.stackroute.SpicejetTest.SpicejetTest" name="AddonsTest" time="9.008"/>
  <system-out/>
  <testcase classname="com.stackroute.SpicejetTest.SpicejetTest" name="FinalpageTest" time="0.056"/>
  <system-out/>
</testsuite> <!-- com.stackroute.SpicejetTest.SpicejetTest -->
